2024-06-25 13:10:25,239 INFO:Using CosmoHammer 0.2.1
2024-06-25 13:10:25,239 INFO:Using emcee 1.2.0
2024-06-25 13:10:25,244 INFO:Sampler: <class 'CosmoHammer_21CMMC.sampler.CosmoHammerSampler.CosmoHammerSampler'>
configuration: 
  Burnin iterations: 1
  Samples iterations: 1
  Walkers ratio: 2
  Reusing burn in: False
  init pos generator: SampleBallPositionGenerator
  stop criteria: IterationStopCriteriaStrategy
  storage util: SampleFileUtil
likelihoodComputationChain: 
Core Modules: 
  
Likelihood Modules: 
  Likelihood21cmFast_multiz

2024-06-25 13:10:25,245 INFO:start burn in
2024-06-25 13:10:36,378 INFO:storing random state
2024-06-25 13:10:36,381 INFO:burn in sampling done! Took: 11.1363s
2024-06-25 13:10:36,381 INFO:Mean acceptance fraction for burn in:0.75
2024-06-25 13:10:36,381 INFO:Reseting emcee sampler
2024-06-25 13:10:36,381 INFO:start sampling after burn in
2024-06-25 13:10:41,436 INFO:sampling done! Took: 5.0546s
2024-06-25 13:10:41,436 INFO:Mean acceptance fraction:0.8333
